mktextfm pplb8t
mktextfm pplb8t
mktextfm ArnoPro-Regular
mktextfm ArnoPro-Regular
mktextfm ArnoPro-Regular
mktextfm ArnoPro-Bold
mktextfm ArnoPro-Italic
mktextfm ArnoPro-BoldItalic
mktextfm ArnoPro-Regular
mktextfm ArnoPro-Regular
mktextfm ArnoPro-Regular
mktextfm ArnoPro-Regular
mktextfm ArnoPro-Regular
mktextfm ArnoPro-Regular
mktextfm ArnoPro-Regular
mktextfm ArnoPro-Bold
mktextfm ArnoPro-Italic
mktextfm ArnoPro-BoldItalic
mktextfm ArnoPro-Regular
mktextfm ArnoPro-Regular
mktextfm ArnoPro-Regular
mktextfm ArnoPro-Regular
mktextfm ArnoPro-Regular
mktextfm ArnoPro-Regular
mktextfm ArnoPro-Regular
mktextfm ArnoPro-Bold
mktextfm ArnoPro-Italic
mktextfm ArnoPro-BoldItalic
mktextfm ArnoPro-Regular
mktextfm ArnoPro-Regular
mktextfm ArnoPro-Regular
mktextfm ArnoPro-Regular
mktextfm ArnoPro-Regular
mktextfm ArnoPro-Regular
mktextfm ArnoPro-Regular
mktextfm ArnoPro-Bold
mktextfm ArnoPro-Italic
mktextfm ArnoPro-BoldItalic
mktextfm ArnoPro-Regular
mktextfm ArnoPro-Regular
mktextfm ArnoPro-Regular
mktextfm ArnoPro-Regular
