This is pdfTeX, Version 3.1415926-1.40.10 (TeX Live 2009/Debian) (format=latex 2012.9.21)  29 APR 2014 19:16
entering extended mode
 %&-line parsing enabled.
**thesis.tex
(./thesis.tex
LaTeX2e <2009/09/24>
Babel <v3.8l> and hyphenation patterns for english, usenglishmax, dumylang, noh
yphenation, loaded.
(./harvard-thesis.cls
Document Class: harvard-thesis 2012/04/05 v0.4 Harvard University Thesis Class
(/usr/share/texmf-texlive/tex/latex/base/book.cls
Document Class: book 2007/10/19 v1.4h Standard LaTeX document class
(/usr/share/texmf-texlive/tex/latex/base/bk12.clo
File: bk12.clo 2007/10/19 v1.4h Standard LaTeX file (size option)
)
\c@part=\count79
\c@chapter=\count80
\c@section=\count81
\c@subsection=\count82
\c@subsubsection=\count83
\c@paragraph=\count84
\c@subparagraph=\count85
\c@figure=\count86
\c@table=\count87
\abovecaptionskip=\skip41
\belowcaptionskip=\skip42
\bibindent=\dimen102
)
(/usr/share/texmf-texlive/tex/latex/graphics/graphicx.sty
Package: graphicx 1999/02/16 v1.0f Enhanced LaTeX Graphics (DPC,SPQR)

(/usr/share/texmf-texlive/tex/latex/graphics/keyval.sty
Package: keyval 1999/03/16 v1.13 key=value parser (DPC)
\KV@toks@=\toks14
)
(/usr/share/texmf-texlive/tex/latex/graphics/graphics.sty
Package: graphics 2009/02/05 v1.0o Standard LaTeX Graphics (DPC,SPQR)

(/usr/share/texmf-texlive/tex/latex/graphics/trig.sty
Package: trig 1999/03/16 v1.09 sin cos tan (DPC)
)
(/etc/texmf/tex/latex/config/graphics.cfg
File: graphics.cfg 2009/08/28 v1.8 graphics configuration of TeX Live
)
Package graphics Info: Driver file: dvips.def on input line 91.

(/usr/share/texmf-texlive/tex/latex/graphics/dvips.def
File: dvips.def 1999/02/16 v3.0i Driver-dependant file (DPC,SPQR)
))
\Gin@req@height=\dimen103
\Gin@req@width=\dimen104
)
(/usr/share/texmf-texlive/tex/latex/hyperref/hyperref.sty
Package: hyperref 2009/10/09 v6.79a Hypertext links for LaTeX

(/usr/share/texmf-texlive/tex/generic/oberdiek/ifpdf.sty
Package: ifpdf 2009/04/10 v2.0 Provides the ifpdf switch (HO)
Package ifpdf Info: pdfTeX in pdf mode not detected.
)
(/usr/share/texmf-texlive/tex/generic/oberdiek/ifvtex.sty
Package: ifvtex 2008/11/04 v1.4 Switches for detecting VTeX and its modes (HO)
Package ifvtex Info: VTeX not detected.
)
(/usr/share/texmf-texlive/tex/generic/ifxetex/ifxetex.sty
Package: ifxetex 2009/01/23 v0.5 Provides ifxetex conditional
)
(/usr/share/texmf-texlive/tex/latex/oberdiek/hycolor.sty
Package: hycolor 2009/10/02 v1.5 Code for color options of hyperref/bookmark (H
O)

(/usr/share/texmf-texlive/tex/latex/oberdiek/xcolor-patch.sty
Package: xcolor-patch 2009/10/02 xcolor patch
))
\@linkdim=\dimen105
\Hy@linkcounter=\count88
\Hy@pagecounter=\count89

(/usr/share/texmf-texlive/tex/latex/hyperref/pd1enc.def
File: pd1enc.def 2009/10/09 v6.79a Hyperref: PDFDocEncoding definition (HO)
)
(/usr/share/texmf-texlive/tex/generic/oberdiek/etexcmds.sty
Package: etexcmds 2007/12/12 v1.2 Prefix for e-TeX command names (HO)

(/usr/share/texmf-texlive/tex/generic/oberdiek/infwarerr.sty
Package: infwarerr 2007/09/09 v1.2 Providing info/warning/message (HO)
)
Package etexcmds Info: Could not find \expanded.
(etexcmds)             That can mean that you are not using pdfTeX 1.50 or
(etexcmds)             that some package has redefined \expanded.
(etexcmds)             In the latter case, load this package earlier.
)
(/usr/share/texmf-texlive/tex/latex/latexconfig/hyperref.cfg
File: hyperref.cfg 2002/06/06 v1.2 hyperref configuration of TeXLive
)
(/usr/share/texmf-texlive/tex/latex/oberdiek/kvoptions.sty
Package: kvoptions 2009/08/13 v3.4 Keyval support for LaTeX options (HO)

(/usr/share/texmf-texlive/tex/generic/oberdiek/kvsetkeys.sty
Package: kvsetkeys 2009/07/30 v1.5 Key value parser with default handler suppor
t (HO)
))
Package hyperref Info: Hyper figures OFF on input line 2975.
Package hyperref Info: Link nesting OFF on input line 2980.
Package hyperref Info: Hyper index ON on input line 2983.
Package hyperref Info: Plain pages OFF on input line 2990.
Package hyperref Info: Backreferencing OFF on input line 2995.

Implicit mode ON; LaTeX internals redefined
Package hyperref Info: Bookmarks ON on input line 3191.
(/usr/share/texmf-texlive/tex/latex/ltxmisc/url.sty
\Urlmuskip=\muskip10
Package: url 2006/04/12  ver 3.3  Verb mode for urls, etc.
)
LaTeX Info: Redefining \url on input line 3428.

(/usr/share/texmf-texlive/tex/generic/oberdiek/bitset.sty
Package: bitset 2007/09/28 v1.0 Data type bit set (HO)

(/usr/share/texmf-texlive/tex/generic/oberdiek/intcalc.sty
Package: intcalc 2007/09/27 v1.1 Expandable integer calculations (HO)
)
(/usr/share/texmf-texlive/tex/generic/oberdiek/bigintcalc.sty
Package: bigintcalc 2007/11/11 v1.1 Expandable big integer calculations (HO)

(/usr/share/texmf-texlive/tex/generic/oberdiek/pdftexcmds.sty
Package: pdftexcmds 2009/09/23 v0.6 LuaTeX support for pdfTeX utility functions
 (HO)

(/usr/share/texmf-texlive/tex/generic/oberdiek/ifluatex.sty
Package: ifluatex 2009/04/17 v1.2 Provides the ifluatex switch (HO)
Package ifluatex Info: LuaTeX not detected.
)
(/usr/share/texmf-texlive/tex/generic/oberdiek/ltxcmds.sty
Package: ltxcmds 2009/08/05 v1.0 Some LaTeX kernel commands for general use (HO
)
)
Package pdftexcmds Info: LuaTeX not detected.
Package pdftexcmds Info: \pdf@primitive is available.
Package pdftexcmds Info: \pdf@ifprimitive is available.
)))
\Fld@menulength=\count90
\Field@Width=\dimen106
\Fld@charsize=\dimen107
\Field@toks=\toks15
Package hyperref Info: Hyper figures OFF on input line 4377.
Package hyperref Info: Link nesting OFF on input line 4382.
Package hyperref Info: Hyper index ON on input line 4385.
Package hyperref Info: backreferencing OFF on input line 4392.
Package hyperref Info: Link coloring OFF on input line 4397.
Package hyperref Info: Link coloring with OCG OFF on input line 4402.
Package hyperref Info: PDF/A mode OFF on input line 4407.

(/usr/share/texmf-texlive/tex/generic/oberdiek/atbegshi.sty
Package: atbegshi 2008/07/31 v1.9 At begin shipout hook (HO)
)
\Hy@abspage=\count91
\c@Item=\count92
\c@Hfootnote=\count93
)
*hyperref using default driver hdvips*
(/usr/share/texmf-texlive/tex/latex/hyperref/hdvips.def
File: hdvips.def 2009/10/09 v6.79a Hyperref driver for dvips

(/usr/share/texmf-texlive/tex/latex/hyperref/pdfmark.def
File: pdfmark.def 2009/10/09 v6.79a Hyperref definitions for pdfmark specials
\pdf@docset=\toks16
\pdf@box=\box26
\pdf@toks=\toks17
\pdf@defaulttoks=\toks18
\Fld@listcount=\count94
))
Package hyperref Info: Option `linktocpage' set `true' on input line 27.
Package hyperref Info: Option `colorlinks' set `true' on input line 27.

(/usr/share/texmf-texlive/tex/latex/amsmath/amsmath.sty
Package: amsmath 2000/07/18 v2.13 AMS math features
\@mathmargin=\skip43

For additional information on amsmath, use the `?' option.
(/usr/share/texmf-texlive/tex/latex/amsmath/amstext.sty
Package: amstext 2000/06/29 v2.01

(/usr/share/texmf-texlive/tex/latex/amsmath/amsgen.sty
File: amsgen.sty 1999/11/30 v2.0
\@emptytoks=\toks19
\ex@=\dimen108
))
(/usr/share/texmf-texlive/tex/latex/amsmath/amsbsy.sty
Package: amsbsy 1999/11/29 v1.2d
\pmbraise@=\dimen109
)
(/usr/share/texmf-texlive/tex/latex/amsmath/amsopn.sty
Package: amsopn 1999/12/14 v2.01 operator names
)
\inf@bad=\count95
LaTeX Info: Redefining \frac on input line 211.
\uproot@=\count96
\leftroot@=\count97
LaTeX Info: Redefining \overline on input line 307.
\classnum@=\count98
\DOTSCASE@=\count99
LaTeX Info: Redefining \ldots on input line 379.
LaTeX Info: Redefining \dots on input line 382.
LaTeX Info: Redefining \cdots on input line 467.
\Mathstrutbox@=\box27
\strutbox@=\box28
\big@size=\dimen110
LaTeX Font Info:    Redeclaring font encoding OML on input line 567.
LaTeX Font Info:    Redeclaring font encoding OMS on input line 568.
\macc@depth=\count100
\c@MaxMatrixCols=\count101
\dotsspace@=\muskip11
\c@parentequation=\count102
\dspbrk@lvl=\count103
\tag@help=\toks20
\row@=\count104
\column@=\count105
\maxfields@=\count106
\andhelp@=\toks21
\eqnshift@=\dimen111
\alignsep@=\dimen112
\tagshift@=\dimen113
\tagwidth@=\dimen114
\totwidth@=\dimen115
\lineht@=\dimen116
\@envbody=\toks22
\multlinegap=\skip44
\multlinetaggap=\skip45
\mathdisplay@stack=\toks23
LaTeX Info: Redefining \[ on input line 2666.
LaTeX Info: Redefining \] on input line 2667.
)
(/usr/share/texmf-texlive/tex/latex/amsfonts/amssymb.sty
Package: amssymb 2009/06/22 v3.00

(/usr/share/texmf-texlive/tex/latex/amsfonts/amsfonts.sty
Package: amsfonts 2009/06/22 v3.00 Basic AMSFonts support
\symAMSa=\mathgroup4
\symAMSb=\mathgroup5
LaTeX Font Info:    Overwriting math alphabet `\mathfrak' in version `bold'
(Font)                  U/euf/m/n --> U/euf/b/n on input line 96.
))
(/usr/share/texmf-texlive/tex/latex/natbib/natbib.sty
Package: natbib 2009/07/16 8.31 (PWD, AO)
\bibhang=\skip46
\bibsep=\skip47
LaTeX Info: Redefining \cite on input line 694.
\c@NAT@ctr=\count107
)
(/usr/share/texmf-texlive/tex/latex/titlesec/titlesec.sty
Package: titlesec 2007/08/12 v2.8 Sectioning titles
\ttl@box=\box29
\beforetitleunit=\skip48
\aftertitleunit=\skip49
\ttl@plus=\dimen117
\ttl@minus=\dimen118
\ttl@toksa=\toks24
\titlewidth=\dimen119
\titlewidthlast=\dimen120
\titlewidthfirst=\dimen121
)
(/usr/share/texmf-texlive/tex/latex/units/units.sty
Package: units 1998/08/04 v0.9b Typesetting units

(/usr/share/texmf-texlive/tex/latex/base/ifthen.sty
Package: ifthen 2001/05/26 v1.1c Standard LaTeX ifthen package (DPC)
)
(/usr/share/texmf-texlive/tex/latex/units/nicefrac.sty
Package: nicefrac 1998/08/04 v0.9b Nice fractions
\L@UnitsRaiseDisplaystyle=\skip50
\L@UnitsRaiseTextstyle=\skip51
\L@UnitsRaiseScriptstyle=\skip52
LaTeX Info: Redefining \nicefrac on input line 131.
))
(/usr/share/texmf-texlive/tex/latex/tools/verbatim.sty
Package: verbatim 2003/08/22 v1.5q LaTeX2e package for verbatim enhancements
\every@verbatim=\toks25
\verbatim@line=\toks26
\verbatim@in@stream=\read1
)
(/usr/share/texmf-texlive/tex/latex/graphics/color.sty
Package: color 2005/11/14 v1.0j Standard LaTeX Color (DPC)

(/etc/texmf/tex/latex/config/color.cfg
File: color.cfg 2007/01/18 v1.5 color configuration of teTeX/TeXLive
)
Package color Info: Driver file: dvips.def on input line 130.

(/usr/share/texmf-texlive/tex/latex/graphics/dvipsnam.def
File: dvipsnam.def 1999/02/16 v3.0i Driver-dependant file (DPC,SPQR)
))
(/usr/share/texmf-texlive/tex/latex/tocloft/tocloft.sty
Package: tocloft 2009/09/04 v2.3d parameterised ToC, etc., typesetting


Package tocloft Note: The document has chapter divisions.

\cftparskip=\skip53
\cftbeforetoctitleskip=\skip54
\cftaftertoctitleskip=\skip55
\cftbeforepartskip=\skip56
\cftpartnumwidth=\skip57
\cftpartindent=\skip58
\cftbeforechapskip=\skip59
\cftchapindent=\skip60
\cftchapnumwidth=\skip61
\cftbeforesecskip=\skip62
\cftsecindent=\skip63
\cftsecnumwidth=\skip64
\cftbeforesubsecskip=\skip65
\cftsubsecindent=\skip66
\cftsubsecnumwidth=\skip67
\cftbeforesubsubsecskip=\skip68
\cftsubsubsecindent=\skip69
\cftsubsubsecnumwidth=\skip70
\cftbeforeparaskip=\skip71
\cftparaindent=\skip72
\cftparanumwidth=\skip73
\cftbeforesubparaskip=\skip74
\cftsubparaindent=\skip75
\cftsubparanumwidth=\skip76
\cftbeforeloftitleskip=\skip77
\cftafterloftitleskip=\skip78
\cftbeforefigskip=\skip79
\cftfigindent=\skip80
\cftfignumwidth=\skip81
\c@lofdepth=\count108
\c@lotdepth=\count109
\cftbeforelottitleskip=\skip82
\cftafterlottitleskip=\skip83
\cftbeforetabskip=\skip84
\cfttabindent=\skip85
\cfttabnumwidth=\skip86
) (/usr/share/texmf-texlive/tex/latex/pdfsync/pdfsync.sty
Package: pdfsync 2008/01/26 v1.1
) (./fltpage.sty
Package: fltpage 1998/10/29 v.0.3 Floats on full page (SMU)

(/usr/share/texmf-texlive/tex/latex/tools/afterpage.sty
Package: afterpage 1995/10/27 v1.08 After-Page Package (DPC)
\AP@output=\toks27
\AP@partial=\box30
\AP@footins=\box31
)
\c@FP@figureC=\count110
\c@FP@tableC=\count111
\FP@floatCorpusBOX=\box32
)
(/usr/share/texmf-texlive/tex/latex/natbib/bibentry.sty
Package: bibentry 2007/10/30 1.5 (PWD)
)
No file thesis.bbl.
(/usr/share/texmf-texlive/tex/latex/lettrine/lettrine.sty
File: lettrine.sty 2007/08/08 v1.62 (Daniel Flipo)
\c@DefaultLines=\count112
\DefaultFindent=\dimen122
\DefaultNindent=\dimen123
\DefaultSlope=\dimen124
\L@lbox=\box33
\L@tbox=\box34
\c@L@lines=\count113
\L@Pindent=\dimen125
\L@Findent=\dimen126
\L@Nindent=\dimen127
\L@lraise=\dimen128
\L@first=\dimen129
\L@next=\dimen130
\L@slope=\dimen131
\L@height=\dimen132
\LettrineWidth=\dimen133

Loading lettrine.cfg
(/usr/share/texmf-texlive/tex/latex/lettrine/lettrine.cfg))
(/usr/share/texmf-texlive/tex/latex/geometry/geometry.sty
Package: geometry 2008/12/21 v4.2 Page Geometry
\Gm@cnth=\count114
\Gm@cntv=\count115
\c@Gm@tempcnt=\count116
\Gm@bindingoffset=\dimen134
\Gm@wd@mp=\dimen135
\Gm@odd@mp=\dimen136
\Gm@even@mp=\dimen137
\Gm@dimlist=\toks28

(/usr/share/texmf-texlive/tex/xelatex/xetexconfig/geometry.cfg))
(/usr/share/texmf-texlive/tex/latex/fancyhdr/fancyhdr.sty
\fancy@headwidth=\skip87
\f@ncyO@elh=\skip88
\f@ncyO@erh=\skip89
\f@ncyO@olh=\skip90
\f@ncyO@orh=\skip91
\f@ncyO@elf=\skip92
\f@ncyO@erf=\skip93
\f@ncyO@olf=\skip94
\f@ncyO@orf=\skip95
)
(/usr/share/texmf-texlive/tex/latex/quotchap/quotchap.sty
Package: quotchap 1998/02/09 v0.9f Decorative Chapter Headings with Quotes
\@quotebox=\box35
)
Package color Info: Redefining color chaptergrey on input line 73.

(/usr/share/texmf-texlive/tex/latex/titling/titling.sty
Package: titling 2009/09/04 v2.1d maketitle typesetting
\thanksmarkwidth=\skip96
\thanksmargin=\skip97
\droptitle=\skip98
)
(/usr/share/texmf-texlive/tex/latex/setspace/setspace.sty
Package: setspace 2000/12/01 6.7 Contributed and Supported LaTeX2e package

Package: `setspace' 6.7 <2000/12/01>
) (/usr/share/texmf-texlive/tex/latex/booktabs/booktabs.sty
Package: booktabs 2005/04/14 v1.61803 publication quality tables
\heavyrulewidth=\dimen138
\lightrulewidth=\dimen139
\cmidrulewidth=\dimen140
\belowrulesep=\dimen141
\belowbottomsep=\dimen142
\aboverulesep=\dimen143
\abovetopsep=\dimen144
\cmidrulesep=\dimen145
\cmidrulekern=\dimen146
\defaultaddspace=\dimen147
\@cmidla=\count117
\@cmidlb=\count118
\@aboverulesep=\dimen148
\@belowrulesep=\dimen149
\@thisruleclass=\count119
\@lastruleclass=\count120
\@thisrulewidth=\dimen150
)
(/usr/share/texmf-texlive/tex/latex/caption/caption.sty
Package: caption 2009/10/09 v3.1k Customizing captions (AR)

(/usr/share/texmf-texlive/tex/latex/caption/caption3.sty
Package: caption3 2009/10/09 v3.1k caption3 kernel (AR)
\captionmargin=\dimen151
\captionmargin@=\dimen152
\captionwidth=\dimen153
\caption@indent=\dimen154
\caption@parindent=\dimen155
\caption@hangindent=\dimen156
)
\c@ContinuedFloat=\count121
Package caption Info: fltpage package is loaded.
Package caption Info: hyperref package is loaded.
)
(/usr/share/texmf-texlive/tex/xelatex/mathspec/mathspec.sty
Package: mathspec 2009/09/30 v0.2 LaTeX Package (Mathematics font selection for
 XeLaTeX)

(/usr/share/texmf-texlive/tex/latex/etoolbox/etoolbox.sty
Package: etoolbox 2009/08/06 v1.8 e-TeX tools for LaTeX

(/usr/share/texmf-texlive/tex/latex/etex-pkg/etex.sty
Package: etex 1998/03/26 v2.0 eTeX basic definition package (PEB)
\et@xins=\count122
))
! 
 ********************************************
 * XeTeX is required to compile this document.
 * Sorry!
 ********************************************.
\RequireXeTeX ...********************************}
                                                  \endgroup \fi 
l.12 \RequireXeTeX
                  
This error message was generated by an \errmessage
command, so I can't give any explicit help.
Pretend that you're Hercule Poirot: Examine all clues,
and deduce the truth by order and method.


! You can't use `\relax' after \the.
<argument> ...sion of XeTeX is \the \XeTeXversion 
                                                  \XeTeXrevision .\MessageBr...
l.18   {\relax}
               
I'm forgetting what you said and using zero instead.

! Package mathspec Error: mathspec requires a more recent version of XeTeX.

See the mathspec package documentation for explanation.
Type  H <return>  for immediate help.
 ...                                              
                                                  
l.18   {\relax}
               
Your current vesion of XeTeX is 0\XeTeXrevision .
Update your version of XeTeX to at least 0.9995.

(/usr/share/texmf-texlive/tex/xelatex/fontspec/fontspec.sty
Package: fontspec 2008/08/09 v1.18 Advanced font selection for XeLaTeX

! 
 ********************************************
 * XeTeX is required to compile this document.
 * Sorry!
 ********************************************.
\RequireXeTeX ...********************************}
                                                  \endgroup \fi 
l.18 \RequireXeTeX
                  
(That was another \errmessage.)

\c@zf@newff=\count123
\c@zf@index=\count124
\c@zf@script=\count125
\c@zf@language=\count126
! 
 ********************************************
 * XeTeX is required to compile this document.
 * Sorry!
 ********************************************.
\RequireXeTeX ...********************************}
                                                  \endgroup \fi 
l.63 \RequireXeTeX
                  
(That was another \errmessage.)

(/usr/share/texmf-texlive/tex/latex/tools/calc.sty
Package: calc 2007/08/22 v4.3 Infix arithmetic (KKT,FJ)
\calc@Acount=\count127
\calc@Bcount=\count128
\calc@Adimen=\dimen157
\calc@Bdimen=\dimen158
\calc@Askip=\skip99
\calc@Bskip=\skip100
LaTeX Info: Redefining \setlength on input line 76.
LaTeX Info: Redefining \addtolength on input line 77.
\calc@Ccount=\count129
\calc@Cskip=\skip101
)
(/usr/share/texmf-texlive/tex/latex/xkeyval/xkeyval.sty
Package: xkeyval 2008/08/13 v2.6a package option processing (HA)

(/usr/share/texmf-texlive/tex/generic/xkeyval/xkeyval.tex
\XKV@toks=\toks29
\XKV@tempa@toks=\toks30
\XKV@depth=\count130
File: xkeyval.tex 2008/08/13 v2.6a key=value parser (HA)
))
(/usr/share/texmf-texlive/tex/latex/base/fontenc.sty
Package: fontenc 2005/09/27 v1.99g Standard LaTeX package

(/usr/share/texmf-texlive/tex/xelatex/euenc/eu1enc.def
File: eu1enc.def 2008/03/08 v0.1d Experimental unicode font encoding
)
LaTeX Font Info:    Try loading font information for EU1+lmr on input line 100.


(/usr/share/texmf-texlive/tex/xelatex/euenc/eu1lmr.fd
File: eu1lmr.fd 2007/01/14 v1.3 Font defs for Latin Modern
)
! Font EU1/lmr/m/n/10=[lmroman10-regular]:mapping=tex-text at 10.0pt not loadab
le: Metric (TFM) file not found.
<to be read again> 
                   relax 
l.100 \fontencoding\encodingdefault\selectfont
                                              
I wasn't able to read the size data for this font,
so I will ignore the font specification.
[Wizards can fix TFM files using TFtoPL/PLtoTF.]
You might try inserting a different font spec;
e.g., type `I\font<same font id>=<substitute font name>'.

)
LaTeX Info: Redefining \itshape on input line 1163.
LaTeX Info: Redefining \slshape on input line 1166.
LaTeX Info: Redefining \scshape on input line 1169.
LaTeX Info: Redefining \upshape on input line 1172.

fontspec.cfg loaded.
(/usr/share/texmf-texlive/tex/xelatex/fontspec/fontspec.cfg))
\c@eu@=\count131
\c@eu@i=\count132
\c@mkern=\count133
)
! Font \zf@basefont=ArnoPro-Regular at 10.0pt not loadable: Metric (TFM) file n
ot found.
\zf@fontspec ...ntname \zf@suffix " at \f@size pt 
                                                  \unless \ifzf@icu \zf@set@...
l.91 Numbers={OldStyle,Proportional}]{ArnoPro}
                                              
I wasn't able to read the size data for this font,
so I will ignore the font specification.
[Wizards can fix TFM files using TFtoPL/PLtoTF.]
You might try inserting a different font spec;
e.g., type `I\font<same font id>=<substitute font name>'.

! Undefined control sequence.
\zf@set@font@type ...false \ifcase \XeTeXfonttype 
                                                  \zf@basefont \zf@tfm \or \...
l.91 Numbers={OldStyle,Proportional}]{ArnoPro}
                                              
The control sequence at the end of the top line
of your error message was never \def'ed. If you have
misspelled it (e.g., `\hobx'), type `I' and the correct
spelling (e.g., `I\hbox'). Otherwise just continue,
and I'll forget about whatever was undefined.

! Missing number, treated as zero.
<to be read again> 
                   \zf@basefont 
l.91 Numbers={OldStyle,Proportional}]{ArnoPro}
                                              
A number should have been here; I inserted `0'.
(If you can't figure out why I needed to see a number,
look up `weird error' in the index to The TeXbook.)

! Undefined control sequence.
\zf@set@font@type ...onttype \zf@basefont \zf@tfm 
                                                  \or \zf@atsuitrue \ifnum \...
l.91 Numbers={OldStyle,Proportional}]{ArnoPro}
                                              
The control sequence at the end of the top line
of your error message was never \def'ed. If you have
misspelled it (e.g., `\hobx'), type `I' and the correct
spelling (e.g., `I\hbox'). Otherwise just continue,
and I'll forget about whatever was undefined.

! Font \zf@basefont=ArnoPro-Regular at 10.0pt not loadable: Metric (TFM) file n
ot found.
\zf@fontspec ...ntname \zf@suffix " at \f@size pt 
                                                  \fi \zf@firsttimetrue \zf@...
l.91 Numbers={OldStyle,Proportional}]{ArnoPro}
                                              
I wasn't able to read the size data for this font,
so I will ignore the font specification.
[Wizards can fix TFM files using TFtoPL/PLtoTF.]
You might try inserting a different font spec;
e.g., type `I\font<same font id>=<substitute font name>'.


! Package xkeyval Error: `Path' undefined in families `options'.

See the xkeyval package documentation for explanation.
Type  H <return>  for immediate help.
 ...                                              
                                                  
l.91 Numbers={OldStyle,Proportional}]{ArnoPro}
                                              
Try typing  <return>  to proceed.
If that doesn't work, type  X <return>  to quit.


! Package xkeyval Error: `Extension' undefined in families `options'.

See the xkeyval package documentation for explanation.
Type  H <return>  for immediate help.
 ...                                              
                                                  
l.91 Numbers={OldStyle,Proportional}]{ArnoPro}
                                              
Try typing  <return>  to proceed.
If that doesn't work, type  X <return>  to quit.

\c@zf@famc@ArnoPro=\count134
Package fontspec Info: Defining font family for 'ArnoPro' with options [Path = 
fonts/,Extension = .otf, UprightFont=ArnoPro-Regular, BoldFont=ArnoPro-Bold, It
alicFont=ArnoPro-Italic, BoldItalicFont=ArnoPro-BoldItalic, Numbers={OldStyle,P
roportional}] on input line 91.
! Font \@tempfontb=ArnoPro-Regular at 10.0pt not loadable: Metric (TFM) file no
t found.
\\zf@make@font@shapes ...f@suffix " at \f@size pt 
                                                  \edef \@tempb {\fontname \...
l.91 Numbers={OldStyle,Proportional}]{ArnoPro}
                                              
I wasn't able to read the size data for this font,
so I will ignore the font specification.
[Wizards can fix TFM files using TFtoPL/PLtoTF.]
You might try inserting a different font spec;
e.g., type `I\font<same font id>=<substitute font name>'.


! Package xkeyval Error: `Path' undefined in families `options'.

See the xkeyval package documentation for explanation.
Type  H <return>  for immediate help.
 ...                                              
                                                  
l.91 Numbers={OldStyle,Proportional}]{ArnoPro}
                                              
Try typing  <return>  to proceed.
If that doesn't work, type  X <return>  to quit.


! Package xkeyval Error: `Extension' undefined in families `options'.

See the xkeyval package documentation for explanation.
Type  H <return>  for immediate help.
 ...                                              
                                                  
l.91 Numbers={OldStyle,Proportional}]{ArnoPro}
                                              
Try typing  <return>  to proceed.
If that doesn't work, type  X <return>  to quit.

! Font \@tempfontb=ArnoPro-Bold at 10.0pt not loadable: Metric (TFM) file not f
ound.
\\zf@make@font@shapes ...f@suffix " at \f@size pt 
                                                  \edef \@tempb {\fontname \...
l.91 Numbers={OldStyle,Proportional}]{ArnoPro}
                                              
I wasn't able to read the size data for this font,
so I will ignore the font specification.
[Wizards can fix TFM files using TFtoPL/PLtoTF.]
You might try inserting a different font spec;
e.g., type `I\font<same font id>=<substitute font name>'.


! Package xkeyval Error: `Path' undefined in families `options'.

See the xkeyval package documentation for explanation.
Type  H <return>  for immediate help.
 ...                                              
                                                  
l.91 Numbers={OldStyle,Proportional}]{ArnoPro}
                                              
Try typing  <return>  to proceed.
If that doesn't work, type  X <return>  to quit.


! Package xkeyval Error: `Extension' undefined in families `options'.

See the xkeyval package documentation for explanation.
Type  H <return>  for immediate help.
 ...                                              
                                                  
l.91 Numbers={OldStyle,Proportional}]{ArnoPro}
                                              
Try typing  <return>  to proceed.
If that doesn't work, type  X <return>  to quit.

! Font \@tempfontb=ArnoPro-Italic at 10.0pt not loadable: Metric (TFM) file not
 found.
\\zf@make@font@shapes ...f@suffix " at \f@size pt 
                                                  \edef \@tempb {\fontname \...
l.91 Numbers={OldStyle,Proportional}]{ArnoPro}
                                              
I wasn't able to read the size data for this font,
so I will ignore the font specification.
[Wizards can fix TFM files using TFtoPL/PLtoTF.]
You might try inserting a different font spec;
e.g., type `I\font<same font id>=<substitute font name>'.


! Package xkeyval Error: `Path' undefined in families `options'.

See the xkeyval package documentation for explanation.
Type  H <return>  for immediate help.
 ...                                              
                                                  
l.91 Numbers={OldStyle,Proportional}]{ArnoPro}
                                              
Try typing  <return>  to proceed.
If that doesn't work, type  X <return>  to quit.


! Package xkeyval Error: `Extension' undefined in families `options'.

See the xkeyval package documentation for explanation.
Type  H <return>  for immediate help.
 ...                                              
                                                  
l.91 Numbers={OldStyle,Proportional}]{ArnoPro}
                                              
Try typing  <return>  to proceed.
If that doesn't work, type  X <return>  to quit.

! Font \@tempfontb=ArnoPro-BoldItalic at 10.0pt not loadable: Metric (TFM) file
 not found.
\\zf@make@font@shapes ...f@suffix " at \f@size pt 
                                                  \edef \@tempb {\fontname \...
l.91 Numbers={OldStyle,Proportional}]{ArnoPro}
                                              
I wasn't able to read the size data for this font,
so I will ignore the font specification.
[Wizards can fix TFM files using TFtoPL/PLtoTF.]
You might try inserting a different font spec;
e.g., type `I\font<same font id>=<substitute font name>'.


! Package xkeyval Error: `Path' undefined in families `options'.

See the xkeyval package documentation for explanation.
Type  H <return>  for immediate help.
 ...                                              
                                                  
l.91 Numbers={OldStyle,Proportional}]{ArnoPro}
                                              
Try typing  <return>  to proceed.
If that doesn't work, type  X <return>  to quit.


! Package xkeyval Error: `Extension' undefined in families `options'.

See the xkeyval package documentation for explanation.
Type  H <return>  for immediate help.
 ...                                              
                                                  
l.91 Numbers={OldStyle,Proportional}]{ArnoPro}
                                              
Try typing  <return>  to proceed.
If that doesn't work, type  X <return>  to quit.

\symDigits:m:n=\mathgroup6
! Font EU1/ArnoPro(0)/m/n/10=ArnoPro-Regular: at 10.0pt not loadable: Metric (T
FM) file not found.
<to be read again> 
                   relax 
l.91 Numbers={OldStyle,Proportional}]{ArnoPro}
                                              
I wasn't able to read the size data for this font,
so I will ignore the font specification.
[Wizards can fix TFM files using TFtoPL/PLtoTF.]
You might try inserting a different font spec;
e.g., type `I\font<same font id>=<substitute font name>'.

! Font \zf@basefont=ArnoPro-Regular at 10.0pt not loadable: Metric (TFM) file n
ot found.
\zf@fontspec ...ntname \zf@suffix " at \f@size pt 
                                                  \unless \ifzf@icu \zf@set@...
l.91 Numbers={OldStyle,Proportional}]{ArnoPro}
                                              
I wasn't able to read the size data for this font,
so I will ignore the font specification.
[Wizards can fix TFM files using TFtoPL/PLtoTF.]
You might try inserting a different font spec;
e.g., type `I\font<same font id>=<substitute font name>'.

! Undefined control sequence.
\zf@set@font@type ...false \ifcase \XeTeXfonttype 
                                                  \zf@basefont \zf@tfm \or \...
l.91 Numbers={OldStyle,Proportional}]{ArnoPro}
                                              
The control sequence at the end of the top line
of your error message was never \def'ed. If you have
misspelled it (e.g., `\hobx'), type `I' and the correct
spelling (e.g., `I\hbox'). Otherwise just continue,
and I'll forget about whatever was undefined.

! Missing number, treated as zero.
<to be read again> 
                   \zf@basefont 
l.91 Numbers={OldStyle,Proportional}]{ArnoPro}
                                              
A number should have been here; I inserted `0'.
(If you can't figure out why I needed to see a number,
look up `weird error' in the index to The TeXbook.)

! Undefined control sequence.
\zf@set@font@type ...onttype \zf@basefont \zf@tfm 
                                                  \or \zf@atsuitrue \ifnum \...
l.91 Numbers={OldStyle,Proportional}]{ArnoPro}
                                              
The control sequence at the end of the top line
of your error message was never \def'ed. If you have
misspelled it (e.g., `\hobx'), type `I' and the correct
spelling (e.g., `I\hbox'). Otherwise just continue,
and I'll forget about whatever was undefined.

! Font \zf@basefont=ArnoPro-Regular at 10.0pt not loadable: Metric (TFM) file n
ot found.
\zf@fontspec ...ntname \zf@suffix " at \f@size pt 
                                                  \fi \zf@firsttimetrue \zf@...
l.91 Numbers={OldStyle,Proportional}]{ArnoPro}
                                              
I wasn't able to read the size data for this font,
so I will ignore the font specification.
[Wizards can fix TFM files using TFtoPL/PLtoTF.]
You might try inserting a different font spec;
e.g., type `I\font<same font id>=<substitute font name>'.


! Package xkeyval Error: `Path' undefined in families `options'.

See the xkeyval package documentation for explanation.
Type  H <return>  for immediate help.
 ...                                              
                                                  
l.91 Numbers={OldStyle,Proportional}]{ArnoPro}
                                              
Try typing  <return>  to proceed.
If that doesn't work, type  X <return>  to quit.


! Package xkeyval Error: `Extension' undefined in families `options'.

See the xkeyval package documentation for explanation.
Type  H <return>  for immediate help.
 ...                                              
                                                  
l.91 Numbers={OldStyle,Proportional}]{ArnoPro}
                                              
Try typing  <return>  to proceed.
If that doesn't work, type  X <return>  to quit.

\symLatin:m:n=\mathgroup7
\symLatin:m:it=\mathgroup8
! Font \zf@basefont=ArnoPro-Regular at 10.0pt not loadable: Metric (TFM) file n
ot found.
\zf@fontspec ...ntname \zf@suffix " at \f@size pt 
                                                  \unless \ifzf@icu \zf@set@...
l.91 Numbers={OldStyle,Proportional}]{ArnoPro}
                                              
I wasn't able to read the size data for this font,
so I will ignore the font specification.
[Wizards can fix TFM files using TFtoPL/PLtoTF.]
You might try inserting a different font spec;
e.g., type `I\font<same font id>=<substitute font name>'.

! Undefined control sequence.
\zf@set@font@type ...false \ifcase \XeTeXfonttype 
                                                  \zf@basefont \zf@tfm \or \...
l.91 Numbers={OldStyle,Proportional}]{ArnoPro}
                                              
The control sequence at the end of the top line
of your error message was never \def'ed. If you have
misspelled it (e.g., `\hobx'), type `I' and the correct
spelling (e.g., `I\hbox'). Otherwise just continue,
and I'll forget about whatever was undefined.

! Missing number, treated as zero.
<to be read again> 
                   \zf@basefont 
l.91 Numbers={OldStyle,Proportional}]{ArnoPro}
                                              
A number should have been here; I inserted `0'.
(If you can't figure out why I needed to see a number,
look up `weird error' in the index to The TeXbook.)

! Undefined control sequence.
\zf@set@font@type ...onttype \zf@basefont \zf@tfm 
                                                  \or \zf@atsuitrue \ifnum \...
l.91 Numbers={OldStyle,Proportional}]{ArnoPro}
                                              
The control sequence at the end of the top line
of your error message was never \def'ed. If you have
misspelled it (e.g., `\hobx'), type `I' and the correct
spelling (e.g., `I\hbox'). Otherwise just continue,
and I'll forget about whatever was undefined.

! Font \zf@basefont=ArnoPro-Regular at 10.0pt not loadable: Metric (TFM) file n
ot found.
\zf@fontspec ...ntname \zf@suffix " at \f@size pt 
                                                  \fi \zf@firsttimetrue \zf@...
l.91 Numbers={OldStyle,Proportional}]{ArnoPro}
                                              
I wasn't able to read the size data for this font,
so I will ignore the font specification.
[Wizards can fix TFM files using TFtoPL/PLtoTF.]
You might try inserting a different font spec;
e.g., type `I\font<same font id>=<substitute font name>'.


! Package xkeyval Error: `Path' undefined in families `options'.

See the xkeyval package documentation for explanation.
Type  H <return>  for immediate help.
 ...                                              
                                                  
l.91 Numbers={OldStyle,Proportional}]{ArnoPro}
                                              
Try typing  <return>  to proceed.
If that doesn't work, type  X <return>  to quit.


! Package xkeyval Error: `Extension' undefined in families `options'.

See the xkeyval package documentation for explanation.
Type  H <return>  for immediate help.
 ...                                              
                                                  
l.91 Numbers={OldStyle,Proportional}]{ArnoPro}
                                              
Try typing  <return>  to proceed.
If that doesn't work, type  X <return>  to quit.

\symGreek:m:n=\mathgroup9
\symGreek:m:it=\mathgroup10
! Undefined control sequence.
\XeTeXset@mathchar ...3#4->\global \XeTeXmathcode 
                                                  `#2="\mathchar@type #3#1#4...
l.91 Numbers={OldStyle,Proportional}]{ArnoPro}
                                              
The control sequence at the end of the top line
of your error message was never \def'ed. If you have
misspelled it (e.g., `\hobx'), type `I' and the correct
spelling (e.g., `I\hbox'). Otherwise just continue,
and I'll forget about whatever was undefined.

! You can't use a prefix with `the character `'.
<to be read again> 
                   `
l.91 Numbers={OldStyle,Proportional}]{ArnoPro}
                                              
I'll pretend you didn't say \long or \outer or \global.


! LaTeX Error: Missing \begin{document}.

See the LaTeX manual or LaTeX Companion for explanation.
Type  H <return>  for immediate help.
 ...                                              
                                                  
l.91 Numbers={OldStyle,Proportional}]{ArnoPro}
                                              
You're in trouble here.  Try typing  <return>  to proceed.
If that doesn't work, type  X <return>  to quit.

Missing character: There is no ` in font nullfont!
Missing character: There is no Î in font nullfont!
Missing character: There is no = in font nullfont!
Missing character: There is no " in font nullfont!
Missing character: There is no 7 in font nullfont!
Missing character: There is no 	 in font nullfont!
Missing character: There is no ` in font nullfont!
Missing character: There is no Î in font nullfont!
Missing character: There is no ‘ in font nullfont!
! Undefined control sequence.
\\XeTeXDeclareMathSymbol@option ...XeTeXcharglyph 
                                                  \XeTeXDeclareMathSymbol@sl...
l.91 Numbers={OldStyle,Proportional}]{ArnoPro}
                                              
The control sequence at the end of the top line
of your error message was never \def'ed. If you have
misspelled it (e.g., `\hobx'), type `I' and the correct
spelling (e.g., `I\hbox'). Otherwise just continue,
and I'll forget about whatever was undefined.

! You can't use `the character `' after \the.
\XeTeXDeclareMathSymbol@slot ->`
                                Î‘
l.91 Numbers={OldStyle,Proportional}]{ArnoPro}
                                              
I'm forgetting what you said and using zero instead.

! Missing = inserted for \ifnum.
<to be read again> 
                   Î
l.91 Numbers={OldStyle,Proportional}]{ArnoPro}
                                              
I was expecting to see `<', `=', or `>'. Didn't.

! Missing number, treated as zero.
<to be read again> 
                   Î
l.91 Numbers={OldStyle,Proportional}]{ArnoPro}
                                              
A number should have been here; I inserted `0'.
(If you can't figure out why I needed to see a number,
look up `weird error' in the index to The TeXbook.)

Missing character: There is no Î in font nullfont!
Missing character: There is no ‘ in font nullfont!
Missing character: There is no > in font nullfont!
! Missing number, treated as zero.
<to be read again> 
                   \def 
l.91 Numbers={OldStyle,Proportional}]{ArnoPro}
                                              
A number should have been here; I inserted `0'.
(If you can't figure out why I needed to see a number,
look up `weird error' in the index to The TeXbook.)

! Illegal unit of measure (pt inserted).
<to be read again> 
                   \def 
l.91 Numbers={OldStyle,Proportional}]{ArnoPro}
                                              
Dimensions can be in units of em, ex, in, pt, pc,
cm, mm, dd, cc, nd, nc, bp, or sp; but yours is a new one!
I'll assume that you meant to say pt, for printer's points.
To recover gracefully from this error, it's best to
delete the erroneous units; e.g., type `2' to delete
two letters. (See Chapter 27 of The TeXbook.)

! Undefined control sequence.
\XeTeXset@mathchar ...3#4->\global \XeTeXmathcode 
                                                  `#2="\mathchar@type #3#1#4...
l.91 Numbers={OldStyle,Proportional}]{ArnoPro}
                                              
The control sequence at the end of the top line
of your error message was never \def'ed. If you have
misspelled it (e.g., `\hobx'), type `I' and the correct
spelling (e.g., `I\hbox'). Otherwise just continue,
and I'll forget about whatever was undefined.

! You can't use a prefix with `the character `'.
<to be read again> 
                   `
l.91 Numbers={OldStyle,Proportional}]{ArnoPro}
                                              
I'll pretend you didn't say \long or \outer or \global.

Missing character: There is no ` in font nullfont!
Missing character: There is no Î in font nullfont!
Missing character: There is no = in font nullfont!
Missing character: There is no " in font nullfont!
Missing character: There is no 7 in font nullfont!
Missing character: There is no 	 in font nullfont!
Missing character: There is no ` in font nullfont!
Missing character: There is no Î in font nullfont!
Missing character: There is no ’ in font nullfont!
! Undefined control sequence.
\\XeTeXDeclareMathSymbol@option ...XeTeXcharglyph 
                                                  \XeTeXDeclareMathSymbol@sl...
l.91 Numbers={OldStyle,Proportional}]{ArnoPro}
                                              
The control sequence at the end of the top line
of your error message was never \def'ed. If you have
misspelled it (e.g., `\hobx'), type `I' and the correct
spelling (e.g., `I\hbox'). Otherwise just continue,
and I'll forget about whatever was undefined.

! You can't use `the character `' after \the.
\XeTeXDeclareMathSymbol@slot ->`
                                Î’
l.91 Numbers={OldStyle,Proportional}]{ArnoPro}
                                              
I'm forgetting what you said and using zero instead.

! Missing = inserted for \ifnum.
<to be read again> 
                   Î
l.91 Numbers={OldStyle,Proportional}]{ArnoPro}
                                              
I was expecting to see `<', `=', or `>'. Didn't.

! Missing number, treated as zero.
<to be read again> 
                   Î
l.91 Numbers={OldStyle,Proportional}]{ArnoPro}
                                              
A number should have been here; I inserted `0'.
(If you can't figure out why I needed to see a number,
look up `weird error' in the index to The TeXbook.)

Missing character: There is no Î in font nullfont!
Missing character: There is no ’ in font nullfont!
Missing character: There is no > in font nullfont!
! Missing number, treated as zero.
<to be read again> 
                   \def 
l.91 Numbers={OldStyle,Proportional}]{ArnoPro}
                                              
A number should have been here; I inserted `0'.
(If you can't figure out why I needed to see a number,
look up `weird error' in the index to The TeXbook.)

! Illegal unit of measure (pt inserted).
<to be read again> 
                   \def 
l.91 Numbers={OldStyle,Proportional}]{ArnoPro}
                                              
Dimensions can be in units of em, ex, in, pt, pc,
cm, mm, dd, cc, nd, nc, bp, or sp; but yours is a new one!
I'll assume that you meant to say pt, for printer's points.
To recover gracefully from this error, it's best to
delete the erroneous units; e.g., type `2' to delete
two letters. (See Chapter 27 of The TeXbook.)

! Undefined control sequence.
\XeTeXset@mathchar ...3#4->\global \XeTeXmathcode 
                                                  `#2="\mathchar@type #3#1#4...
l.91 Numbers={OldStyle,Proportional}]{ArnoPro}
                                              
The control sequence at the end of the top line
of your error message was never \def'ed. If you have
misspelled it (e.g., `\hobx'), type `I' and the correct
spelling (e.g., `I\hbox'). Otherwise just continue,
and I'll forget about whatever was undefined.

! You can't use a prefix with `the character `'.
<to be read again> 
                   `
l.91 Numbers={OldStyle,Proportional}]{ArnoPro}
                                              
I'll pretend you didn't say \long or \outer or \global.

Missing character: There is no ` in font nullfont!
Missing character: There is no Î in font nullfont!
Missing character: There is no = in font nullfont!
Missing character: There is no " in font nullfont!
Missing character: There is no 7 in font nullfont!
Missing character: There is no 	 in font nullfont!
Missing character: There is no ` in font nullfont!
Missing character: There is no Î in font nullfont!
Missing character: There is no “ in font nullfont!
! Undefined control sequence.
\\XeTeXDeclareMathSymbol@option ...XeTeXcharglyph 
                                                  \XeTeXDeclareMathSymbol@sl...
l.91 Numbers={OldStyle,Proportional}]{ArnoPro}
                                              
The control sequence at the end of the top line
of your error message was never \def'ed. If you have
misspelled it (e.g., `\hobx'), type `I' and the correct
spelling (e.g., `I\hbox'). Otherwise just continue,
and I'll forget about whatever was undefined.

! You can't use `the character `' after \the.
\XeTeXDeclareMathSymbol@slot ->`
                                Î“
l.91 Numbers={OldStyle,Proportional}]{ArnoPro}
                                              
I'm forgetting what you said and using zero instead.

! Missing = inserted for \ifnum.
<to be read again> 
                   Î
l.91 Numbers={OldStyle,Proportional}]{ArnoPro}
                                              
I was expecting to see `<', `=', or `>'. Didn't.

! Missing number, treated as zero.
<to be read again> 
                   Î
l.91 Numbers={OldStyle,Proportional}]{ArnoPro}
                                              
A number should have been here; I inserted `0'.
(If you can't figure out why I needed to see a number,
look up `weird error' in the index to The TeXbook.)

Missing character: There is no Î in font nullfont!
Missing character: There is no “ in font nullfont!
Missing character: There is no > in font nullfont!
! Missing number, treated as zero.
<to be read again> 
                   \def 
l.91 Numbers={OldStyle,Proportional}]{ArnoPro}
                                              
A number should have been here; I inserted `0'.
(If you can't figure out why I needed to see a number,
look up `weird error' in the index to The TeXbook.)

! Illegal unit of measure (pt inserted).
<to be read again> 
                   \def 
l.91 Numbers={OldStyle,Proportional}]{ArnoPro}
                                              
Dimensions can be in units of em, ex, in, pt, pc,
cm, mm, dd, cc, nd, nc, bp, or sp; but yours is a new one!
I'll assume that you meant to say pt, for printer's points.
To recover gracefully from this error, it's best to
delete the erroneous units; e.g., type `2' to delete
two letters. (See Chapter 27 of The TeXbook.)

! Undefined control sequence.
\XeTeXset@mathchar ...3#4->\global \XeTeXmathcode 
                                                  `#2="\mathchar@type #3#1#4...
l.91 Numbers={OldStyle,Proportional}]{ArnoPro}
                                              
The control sequence at the end of the top line
of your error message was never \def'ed. If you have
misspelled it (e.g., `\hobx'), type `I' and the correct
spelling (e.g., `I\hbox'). Otherwise just continue,
and I'll forget about whatever was undefined.

! You can't use a prefix with `the character `'.
<to be read again> 
                   `
l.91 Numbers={OldStyle,Proportional}]{ArnoPro}
                                              
I'll pretend you didn't say \long or \outer or \global.

Missing character: There is no ` in font nullfont!
Missing character: There is no Î in font nullfont!
Missing character: There is no = in font nullfont!
Missing character: There is no " in font nullfont!
Missing character: There is no 7 in font nullfont!
Missing character: There is no 	 in font nullfont!
Missing character: There is no ` in font nullfont!
Missing character: There is no Î in font nullfont!
Missing character: There is no ” in font nullfont!
! Undefined control sequence.
\\XeTeXDeclareMathSymbol@option ...XeTeXcharglyph 
                                                  \XeTeXDeclareMathSymbol@sl...
l.91 Numbers={OldStyle,Proportional}]{ArnoPro}
                                              
The control sequence at the end of the top line
of your error message was never \def'ed. If you have
misspelled it (e.g., `\hobx'), type `I' and the correct
spelling (e.g., `I\hbox'). Otherwise just continue,
and I'll forget about whatever was undefined.

! You can't use `the character `' after \the.
\XeTeXDeclareMathSymbol@slot ->`
                                Î”
l.91 Numbers={OldStyle,Proportional}]{ArnoPro}
                                              
I'm forgetting what you said and using zero instead.

! Missing = inserted for \ifnum.
<to be read again> 
                   Î
l.91 Numbers={OldStyle,Proportional}]{ArnoPro}
                                              
I was expecting to see `<', `=', or `>'. Didn't.

! Missing number, treated as zero.
<to be read again> 
                   Î
l.91 Numbers={OldStyle,Proportional}]{ArnoPro}
                                              
A number should have been here; I inserted `0'.
(If you can't figure out why I needed to see a number,
look up `weird error' in the index to The TeXbook.)

Missing character: There is no Î in font nullfont!
Missing character: There is no ” in font nullfont!
Missing character: There is no > in font nullfont!
! Missing number, treated as zero.
<to be read again> 
                   \def 
l.91 Numbers={OldStyle,Proportional}]{ArnoPro}
                                              
A number should have been here; I inserted `0'.
(If you can't figure out why I needed to see a number,
look up `weird error' in the index to The TeXbook.)

! Illegal unit of measure (pt inserted).
<to be read again> 
                   \def 
l.91 Numbers={OldStyle,Proportional}]{ArnoPro}
                                              
Dimensions can be in units of em, ex, in, pt, pc,
cm, mm, dd, cc, nd, nc, bp, or sp; but yours is a new one!
I'll assume that you meant to say pt, for printer's points.
To recover gracefully from this error, it's best to
delete the erroneous units; e.g., type `2' to delete
two letters. (See Chapter 27 of The TeXbook.)

! Undefined control sequence.
\XeTeXset@mathchar ...3#4->\global \XeTeXmathcode 
                                                  `#2="\mathchar@type #3#1#4...
l.91 Numbers={OldStyle,Proportional}]{ArnoPro}
                                              
The control sequence at the end of the top line
of your error message was never \def'ed. If you have
misspelled it (e.g., `\hobx'), type `I' and the correct
spelling (e.g., `I\hbox'). Otherwise just continue,
and I'll forget about whatever was undefined.

! You can't use a prefix with `the character `'.
<to be read again> 
                   `
l.91 Numbers={OldStyle,Proportional}]{ArnoPro}
                                              
I'll pretend you didn't say \long or \outer or \global.

Missing character: There is no ` in font nullfont!
Missing character: There is no Î in font nullfont!
Missing character: There is no = in font nullfont!
Missing character: There is no " in font nullfont!
Missing character: There is no 7 in font nullfont!
Missing character: There is no 	 in font nullfont!
Missing character: There is no ` in font nullfont!
Missing character: There is no Î in font nullfont!
Missing character: There is no • in font nullfont!
! Undefined control sequence.
\\XeTeXDeclareMathSymbol@option ...XeTeXcharglyph 
                                                  \XeTeXDeclareMathSymbol@sl...
l.91 Numbers={OldStyle,Proportional}]{ArnoPro}
                                              
The control sequence at the end of the top line
of your error message was never \def'ed. If you have
misspelled it (e.g., `\hobx'), type `I' and the correct
spelling (e.g., `I\hbox'). Otherwise just continue,
and I'll forget about whatever was undefined.

! You can't use `the character `' after \the.
\XeTeXDeclareMathSymbol@slot ->`
                                Î•
l.91 Numbers={OldStyle,Proportional}]{ArnoPro}
                                              
I'm forgetting what you said and using zero instead.

! Missing = inserted for \ifnum.
<to be read again> 
                   Î
l.91 Numbers={OldStyle,Proportional}]{ArnoPro}
                                              
I was expecting to see `<', `=', or `>'. Didn't.

! Missing number, treated as zero.
<to be read again> 
                   Î
l.91 Numbers={OldStyle,Proportional}]{ArnoPro}
                                              
A number should have been here; I inserted `0'.
(If you can't figure out why I needed to see a number,
look up `weird error' in the index to The TeXbook.)

Missing character: There is no Î in font nullfont!
Missing character: There is no • in font nullfont!
Missing character: There is no > in font nullfont!
! Missing number, treated as zero.
<to be read again> 
                   \def 
l.91 Numbers={OldStyle,Proportional}]{ArnoPro}
                                              
A number should have been here; I inserted `0'.
(If you can't figure out why I needed to see a number,
look up `weird error' in the index to The TeXbook.)

! Illegal unit of measure (pt inserted).
<to be read again> 
                   \def 
l.91 Numbers={OldStyle,Proportional}]{ArnoPro}
                                              
Dimensions can be in units of em, ex, in, pt, pc,
cm, mm, dd, cc, nd, nc, bp, or sp; but yours is a new one!
I'll assume that you meant to say pt, for printer's points.
To recover gracefully from this error, it's best to
delete the erroneous units; e.g., type `2' to delete
two letters. (See Chapter 27 of The TeXbook.)

! Undefined control sequence.
\XeTeXset@mathchar ...3#4->\global \XeTeXmathcode 
                                                  `#2="\mathchar@type #3#1#4...
l.91 Numbers={OldStyle,Proportional}]{ArnoPro}
                                              
The control sequence at the end of the top line
of your error message was never \def'ed. If you have
misspelled it (e.g., `\hobx'), type `I' and the correct
spelling (e.g., `I\hbox'). Otherwise just continue,
and I'll forget about whatever was undefined.

! You can't use a prefix with `the character `'.
<to be read again> 
                   `
l.91 Numbers={OldStyle,Proportional}]{ArnoPro}
                                              
I'll pretend you didn't say \long or \outer or \global.

Missing character: There is no ` in font nullfont!
Missing character: There is no Î in font nullfont!
Missing character: There is no = in font nullfont!
Missing character: There is no " in font nullfont!
Missing character: There is no 7 in font nullfont!
Missing character: There is no 	 in font nullfont!
Missing character: There is no ` in font nullfont!
Missing character: There is no Î in font nullfont!
Missing character: There is no – in font nullfont!
! Undefined control sequence.
\\XeTeXDeclareMathSymbol@option ...XeTeXcharglyph 
                                                  \XeTeXDeclareMathSymbol@sl...
l.91 Numbers={OldStyle,Proportional}]{ArnoPro}
                                              
The control sequence at the end of the top line
of your error message was never \def'ed. If you have
misspelled it (e.g., `\hobx'), type `I' and the correct
spelling (e.g., `I\hbox'). Otherwise just continue,
and I'll forget about whatever was undefined.

! You can't use `the character `' after \the.
\XeTeXDeclareMathSymbol@slot ->`
                                Î–
l.91 Numbers={OldStyle,Proportional}]{ArnoPro}
                                              
I'm forgetting what you said and using zero instead.

! Missing = inserted for \ifnum.
<to be read again> 
                   Î
l.91 Numbers={OldStyle,Proportional}]{ArnoPro}
                                              
I was expecting to see `<', `=', or `>'. Didn't.

! Missing number, treated as zero.
<to be read again> 
                   Î
l.91 Numbers={OldStyle,Proportional}]{ArnoPro}
                                              
A number should have been here; I inserted `0'.
(If you can't figure out why I needed to see a number,
look up `weird error' in the index to The TeXbook.)

Missing character: There is no Î in font nullfont!
Missing character: There is no – in font nullfont!
Missing character: There is no > in font nullfont!
! Missing number, treated as zero.
<to be read again> 
                   \def 
l.91 Numbers={OldStyle,Proportional}]{ArnoPro}
                                              
A number should have been here; I inserted `0'.
(If you can't figure out why I needed to see a number,
look up `weird error' in the index to The TeXbook.)

! Illegal unit of measure (pt inserted).
<to be read again> 
                   \def 
l.91 Numbers={OldStyle,Proportional}]{ArnoPro}
                                              
Dimensions can be in units of em, ex, in, pt, pc,
cm, mm, dd, cc, nd, nc, bp, or sp; but yours is a new one!
I'll assume that you meant to say pt, for printer's points.
To recover gracefully from this error, it's best to
delete the erroneous units; e.g., type `2' to delete
two letters. (See Chapter 27 of The TeXbook.)

! Undefined control sequence.
\XeTeXset@mathchar ...3#4->\global \XeTeXmathcode 
                                                  `#2="\mathchar@type #3#1#4...
l.91 Numbers={OldStyle,Proportional}]{ArnoPro}
                                              
The control sequence at the end of the top line
of your error message was never \def'ed. If you have
misspelled it (e.g., `\hobx'), type `I' and the correct
spelling (e.g., `I\hbox'). Otherwise just continue,
and I'll forget about whatever was undefined.

! You can't use a prefix with `the character `'.
<to be read again> 
                   `
l.91 Numbers={OldStyle,Proportional}]{ArnoPro}
                                              
I'll pretend you didn't say \long or \outer or \global.

Missing character: There is no ` in font nullfont!
Missing character: There is no Î in font nullfont!
Missing character: There is no = in font nullfont!
Missing character: There is no " in font nullfont!
Missing character: There is no 7 in font nullfont!
Missing character: There is no 	 in font nullfont!
Missing character: There is no ` in font nullfont!
Missing character: There is no Î in font nullfont!
Missing character: There is no — in font nullfont!
! Undefined control sequence.
\\XeTeXDeclareMathSymbol@option ...XeTeXcharglyph 
                                                  \XeTeXDeclareMathSymbol@sl...
l.91 Numbers={OldStyle,Proportional}]{ArnoPro}
                                              
The control sequence at the end of the top line
of your error message was never \def'ed. If you have
misspelled it (e.g., `\hobx'), type `I' and the correct
spelling (e.g., `I\hbox'). Otherwise just continue,
and I'll forget about whatever was undefined.

! You can't use `the character `' after \the.
\XeTeXDeclareMathSymbol@slot ->`
                                Î—
l.91 Numbers={OldStyle,Proportional}]{ArnoPro}
                                              
I'm forgetting what you said and using zero instead.

! Missing = inserted for \ifnum.
<to be read again> 
                   Î
l.91 Numbers={OldStyle,Proportional}]{ArnoPro}
                                              
I was expecting to see `<', `=', or `>'. Didn't.

! Missing number, treated as zero.
<to be read again> 
                   Î
l.91 Numbers={OldStyle,Proportional}]{ArnoPro}
                                              
A number should have been here; I inserted `0'.
(If you can't figure out why I needed to see a number,
look up `weird error' in the index to The TeXbook.)

Missing character: There is no Î in font nullfont!
Missing character: There is no — in font nullfont!
Missing character: There is no > in font nullfont!
! Missing number, treated as zero.
<to be read again> 
                   \def 
l.91 Numbers={OldStyle,Proportional}]{ArnoPro}
                                              
A number should have been here; I inserted `0'.
(If you can't figure out why I needed to see a number,
look up `weird error' in the index to The TeXbook.)

! Illegal unit of measure (pt inserted).
<to be read again> 
                   \def 
l.91 Numbers={OldStyle,Proportional}]{ArnoPro}
                                              
Dimensions can be in units of em, ex, in, pt, pc,
cm, mm, dd, cc, nd, nc, bp, or sp; but yours is a new one!
I'll assume that you meant to say pt, for printer's points.
To recover gracefully from this error, it's best to
delete the erroneous units; e.g., type `2' to delete
two letters. (See Chapter 27 of The TeXbook.)

! Undefined control sequence.
\XeTeXset@mathchar ...3#4->\global \XeTeXmathcode 
                                                  `#2="\mathchar@type #3#1#4...
l.91 Numbers={OldStyle,Proportional}]{ArnoPro}
                                              
The control sequence at the end of the top line
of your error message was never \def'ed. If you have
misspelled it (e.g., `\hobx'), type `I' and the correct
spelling (e.g., `I\hbox'). Otherwise just continue,
and I'll forget about whatever was undefined.

! You can't use a prefix with `the character `'.
<to be read again> 
                   `
l.91 Numbers={OldStyle,Proportional}]{ArnoPro}
                                              
I'll pretend you didn't say \long or \outer or \global.

Missing character: There is no ` in font nullfont!
Missing character: There is no Î in font nullfont!
Missing character: There is no = in font nullfont!
Missing character: There is no " in font nullfont!
Missing character: There is no 7 in font nullfont!
Missing character: There is no 	 in font nullfont!
Missing character: There is no ` in font nullfont!
Missing character: There is no Î in font nullfont!
Missing character: There is no ˜ in font nullfont!
! Undefined control sequence.
\\XeTeXDeclareMathSymbol@option ...XeTeXcharglyph 
                                                  \XeTeXDeclareMathSymbol@sl...
l.91 Numbers={OldStyle,Proportional}]{ArnoPro}
                                              
(That makes 100 errors; please try again.) 
Here is how much of TeX's memory you used:
 9862 strings out of 495062
 155013 string characters out of 1182644
 274825 words of memory out of 3000000
 12886 multiletter control sequences out of 15000+50000
 3938 words of font info for 15 fonts, out of 3000000 for 9000
 28 hyphenation exceptions out of 8191
 45i,0n,77p,484b,250s stack positions out of 5000i,500n,10000p,200000b,50000s

No pages of output.
